<?xml version="1.0" encoding="UTF-8"?>
<!-- Generated by org.testng.reporters.JUnitReportReporter -->
<testsuite hostname="ArunMotoori" failures="0" tests="5" name="tests.Login" time="18.632" errors="0" timestamp="2025-09-04T21:06:07 IST" skipped="0">
  <testcase classname="tests.Login" name="verifyLoginWithValidCredentias" time="4.882"/>
  <testcase classname="tests.Login" name="verifyLoginWithInvalidCredentials" time="3.705"/>
  <testcase classname="tests.Login" name="verifyLoginWithInvalidEmailAndValidPassword" time="3.574"/>
  <testcase classname="tests.Login" name="verifyLoginWithValidEmailAndInvalidPassword" time="3.529"/>
  <testcase classname="tests.Login" name="verifyLoginWithoutEnteringAnyCredentials" time="2.942"/>
</testsuite> <!-- tests.Login -->
