<?xml version="1.0" encoding="UTF-8"?>
<!-- Generated by org.testng.reporters.JUnitReportReporter -->
<testsuite hostname="ArunMotoori" failures="0" tests="2" name="tests.Logout" time="9.545" errors="0" timestamp="2025-09-04T21:06:34 IST" skipped="0">
  <testcase classname="tests.Logout" name="logoutFromMyAccountDropMenu" time="4.826"/>
  <testcase classname="tests.Logout" name="logoutFromRightColumnOptions" time="4.719"/>
</testsuite> <!-- tests.Logout -->
