<?xml version="1.0" encoding="UTF-8"?>
<!-- Generated by org.testng.reporters.JUnitReportReporter -->
<testsuite hostname="ArunMotoori" failures="0" tests="3" name="tests.Search" time="10.661" errors="0" timestamp="2025-09-08T20:40:24 IST" skipped="0">
  <testcase classname="tests.Search" name="verifySearchingWithExistingProductName" time="3.999"/>
  <testcase classname="tests.Search" name="verifySearchingWithNonExistingProductName" time="3.988"/>
  <testcase classname="tests.Search" name="verifySearchingWithoutProvidingAnyProductName" time="2.674"/>
</testsuite> <!-- tests.Search -->
