<?xml version="1.0" encoding="UTF-8"?>
<!-- Generated by org.testng.reporters.JUnitReportReporter -->
<testsuite hostname="ArunMotoori" failures="0" tests="2" name="tests.Logout" time="12.184" errors="0" timestamp="2025-09-23T21:06:50 IST" skipped="0">
  <testcase classname="tests.Logout" name="logoutFromMyAccountDropMenu" time="5.644"/>
  <testcase classname="tests.Logout" name="logoutFromRightColumnOptions" time="6.540"/>
</testsuite> <!-- tests.Logout -->
