<?xml version="1.0" encoding="UTF-8"?>
<!-- Generated by org.testng.reporters.JUnitReportReporter -->
<testsuite hostname="ArunMotoori" failures="0" tests="2" name="tests.Logout" time="10.775" errors="0" timestamp="2025-09-11T21:07:04 IST" skipped="0">
  <testcase classname="tests.Logout" name="logoutFromMyAccountDropMenu" time="4.599"/>
  <testcase classname="tests.Logout" name="logoutFromRightColumnOptions" time="6.176"/>
</testsuite> <!-- tests.Logout -->
