<?xml version="1.0" encoding="UTF-8"?>
<!-- Generated by org.testng.reporters.JUnitReportReporter -->
<testsuite hostname="ArunMotoori" failures="0" tests="3" name="tests.Search" time="8.184" errors="0" timestamp="2025-09-23T21:06:50 IST" skipped="0">
  <testcase classname="tests.Search" name="verifySearchingWithExistingProductName" time="2.711"/>
  <testcase classname="tests.Search" name="verifySearchingWithNonExistingProductName" time="2.983"/>
  <testcase classname="tests.Search" name="verifySearchingWithoutProvidingAnyProductName" time="2.490"/>
</testsuite> <!-- tests.Search -->
