<?xml version="1.0" encoding="UTF-8"?>
<!-- Generated by org.testng.reporters.JUnitReportReporter -->
<testsuite hostname="ArunMotoori" failures="0" tests="3" name="tests.Search" time="9.499" errors="0" timestamp="2025-09-19T21:30:57 IST" skipped="0">
  <testcase classname="tests.Search" name="verifySearchingWithExistingProductName" time="4.261"/>
  <testcase classname="tests.Search" name="verifySearchingWithNonExistingProductName" time="2.622"/>
  <testcase classname="tests.Search" name="verifySearchingWithoutProvidingAnyProductName" time="2.616"/>
</testsuite> <!-- tests.Search -->
