<?xml version="1.0" encoding="UTF-8"?>
<!-- Generated by org.testng.reporters.JUnitReportReporter -->
<testsuite hostname="ArunMotoori" failures="0" tests="5" name="tests.Login" time="20.558" errors="0" timestamp="2025-09-19T21:29:08 IST" skipped="0">
  <testcase classname="tests.Login" name="verifyLoginWithValidCredentias" time="4.250"/>
  <testcase classname="tests.Login" name="verifyLoginWithInvalidCredentials" time="4.182"/>
  <testcase classname="tests.Login" name="verifyLoginWithInvalidEmailAndValidPassword" time="4.235"/>
  <testcase classname="tests.Login" name="verifyLoginWithValidEmailAndInvalidPassword" time="4.221"/>
  <testcase classname="tests.Login" name="verifyLoginWithoutEnteringAnyCredentials" time="3.670"/>
</testsuite> <!-- tests.Login -->
