<?xml version="1.0" encoding="UTF-8"?>
<!-- Generated by org.testng.reporters.JUnitReportReporter -->
<testsuite hostname="ArunMotoori" failures="0" tests="2" name="tests.Logout" time="14.525" errors="0" timestamp="2025-09-15T20:57:33 IST" skipped="0">
  <testcase classname="tests.Logout" name="logoutFromMyAccountDropMenu" time="7.518"/>
  <testcase classname="tests.Logout" name="logoutFromRightColumnOptions" time="7.007"/>
</testsuite> <!-- tests.Logout -->
