<?xml version="1.0" encoding="UTF-8"?>
<!-- Generated by org.testng.reporters.JUnitReportReporter -->
<testsuite hostname="ArunMotoori" failures="0" tests="5" name="tests.Login" time="19.414" errors="0" timestamp="2025-09-11T21:06:32 IST" skipped="0">
  <testcase classname="tests.Login" name="verifyLoginWithValidCredentias" time="4.761"/>
  <testcase classname="tests.Login" name="verifyLoginWithInvalidCredentials" time="3.787"/>
  <testcase classname="tests.Login" name="verifyLoginWithInvalidEmailAndValidPassword" time="3.844"/>
  <testcase classname="tests.Login" name="verifyLoginWithValidEmailAndInvalidPassword" time="3.763"/>
  <testcase classname="tests.Login" name="verifyLoginWithoutEnteringAnyCredentials" time="3.259"/>
</testsuite> <!-- tests.Login -->
