<?xml version="1.0" encoding="UTF-8"?>
<!-- Generated by org.testng.reporters.JUnitReportReporter -->
<testsuite hostname="ArunMotoori" failures="0" tests="3" name="tests.Search" time="6.685" errors="0" timestamp="2025-09-04T21:06:19 IST" skipped="0">
  <testcase classname="tests.Search" name="verifySearchingWithExistingProductName" time="2.183"/>
  <testcase classname="tests.Search" name="verifySearchingWithNonExistingProductName" time="2.108"/>
  <testcase classname="tests.Search" name="verifySearchingWithoutProvidingAnyProductName" time="2.394"/>
</testsuite> <!-- tests.Search -->
