<?xml version="1.0" encoding="UTF-8"?>
<!-- Generated by org.testng.reporters.JUnitReportReporter -->
<testsuite hostname="ArunMotoori" failures="0" tests="4" name="tests.Register" time="29.395" errors="0" timestamp="2025-09-19T21:29:08 IST" skipped="0">
  <testcase classname="tests.Register" name="verifyRegisterAccountUsingMandatoryFields" time="6.559"/>
  <testcase classname="tests.Register" name="verifyRegisteringAnAccountByProvidingAllTheFields" time="6.499"/>
  <testcase classname="tests.Register" name="verifyRegisteringBySubscribingToNewsletter" time="8.045"/>
  <testcase classname="tests.Register" name="verifyRegistringByNotSubscribingToNewsletter" time="8.292"/>
</testsuite> <!-- tests.Register -->
