<?xml version="1.0" encoding="UTF-8"?>
<!-- Generated by org.testng.reporters.JUnitReportReporter -->
<testsuite hostname="ArunMotoori" failures="0" tests="5" name="tests.Login" time="24.300" errors="0" timestamp="2025-09-08T20:39:49 IST" skipped="0">
  <testcase classname="tests.Login" name="verifyLoginWithValidCredentias" time="5.776"/>
  <testcase classname="tests.Login" name="verifyLoginWithInvalidCredentials" time="3.702"/>
  <testcase classname="tests.Login" name="verifyLoginWithInvalidEmailAndValidPassword" time="5.380"/>
  <testcase classname="tests.Login" name="verifyLoginWithValidEmailAndInvalidPassword" time="4.362"/>
  <testcase classname="tests.Login" name="verifyLoginWithoutEnteringAnyCredentials" time="5.080"/>
</testsuite> <!-- tests.Login -->
