<?xml version="1.0" encoding="UTF-8"?>
<!-- Generated by org.testng.reporters.JUnitReportReporter -->
<testsuite hostname="ArunMotoori" failures="0" tests="7" name="tests.Login" time="34.215" errors="0" timestamp="2025-09-26T21:33:00 IST" skipped="0">
  <testcase classname="tests.Login" name="verifyLoginWithValidCredentias" time="5.078"/>
  <testcase classname="tests.Login" name="verifyLoginWithValidCredentias" time="7.508"/>
  <testcase classname="tests.Login" name="verifyLoginWithValidCredentias" time="4.224"/>
  <testcase classname="tests.Login" name="verifyLoginWithInvalidCredentials" time="4.575"/>
  <testcase classname="tests.Login" name="verifyLoginWithInvalidEmailAndValidPassword" time="4.493"/>
  <testcase classname="tests.Login" name="verifyLoginWithValidEmailAndInvalidPassword" time="4.431"/>
  <testcase classname="tests.Login" name="verifyLoginWithoutEnteringAnyCredentials" time="3.906"/>
</testsuite> <!-- tests.Login -->
