<?xml version="1.0" encoding="UTF-8"?>
<!-- Generated by org.testng.reporters.JUnitReportReporter -->
<testsuite hostname="ArunMotoori" failures="0" tests="5" name="tests.Login" time="33.491" errors="0" timestamp="2025-09-16T21:02:00 IST" skipped="0">
  <testcase classname="tests.Login" name="verifyLoginWithValidCredentias" time="7.960"/>
  <testcase classname="tests.Login" name="verifyLoginWithInvalidCredentials" time="6.590"/>
  <testcase classname="tests.Login" name="verifyLoginWithInvalidEmailAndValidPassword" time="6.586"/>
  <testcase classname="tests.Login" name="verifyLoginWithValidEmailAndInvalidPassword" time="6.577"/>
  <testcase classname="tests.Login" name="verifyLoginWithoutEnteringAnyCredentials" time="5.778"/>
</testsuite> <!-- tests.Login -->
