<?xml version="1.0" encoding="UTF-8"?>
<!-- Generated by org.testng.reporters.JUnitReportReporter -->
<testsuite hostname="ArunMotoori" failures="0" tests="4" name="tests.Register" time="36.861" errors="0" timestamp="2025-09-15T20:57:33 IST" skipped="0">
  <testcase classname="tests.Register" name="verifyRegisterAccountUsingMandatoryFields" time="8.169"/>
  <testcase classname="tests.Register" name="verifyRegisteringAnAccountByProvidingAllTheFields" time="9.608"/>
  <testcase classname="tests.Register" name="verifyRegisteringBySubscribingToNewsletter" time="8.721"/>
  <testcase classname="tests.Register" name="verifyRegistringByNotSubscribingToNewsletter" time="10.363"/>
</testsuite> <!-- tests.Register -->
