<?xml version="1.0" encoding="UTF-8"?>
<!-- Generated by org.testng.reporters.JUnitReportReporter -->
<testsuite hostname="ArunMotoori" failures="0" tests="5" name="tests.Login" time="33.539" errors="0" timestamp="2025-09-15T20:57:33 IST" skipped="0">
  <testcase classname="tests.Login" name="verifyLoginWithValidCredentias" time="6.233"/>
  <testcase classname="tests.Login" name="verifyLoginWithInvalidCredentials" time="6.146"/>
  <testcase classname="tests.Login" name="verifyLoginWithInvalidEmailAndValidPassword" time="7.491"/>
  <testcase classname="tests.Login" name="verifyLoginWithValidEmailAndInvalidPassword" time="6.255"/>
  <testcase classname="tests.Login" name="verifyLoginWithoutEnteringAnyCredentials" time="7.414"/>
</testsuite> <!-- tests.Login -->
