<?xml version="1.0" encoding="UTF-8"?>
<!-- Generated by org.testng.reporters.JUnitReportReporter -->
<testsuite hostname="ArunMotoori" failures="0" tests="4" name="tests.Register" time="23.088" errors="0" timestamp="2025-09-04T21:05:43 IST" skipped="0">
  <testcase classname="tests.Register" name="verifyRegisterAccountUsingMandatoryFields" time="4.461"/>
  <testcase classname="tests.Register" name="verifyRegisteringAnAccountByProvidingAllTheFields" time="5.772"/>
  <testcase classname="tests.Register" name="verifyRegisteringBySubscribingToNewsletter" time="6.246"/>
  <testcase classname="tests.Register" name="verifyRegistringByNotSubscribingToNewsletter" time="6.609"/>
</testsuite> <!-- tests.Register -->
