<?xml version="1.0" encoding="UTF-8"?>
<!-- Generated by org.testng.reporters.JUnitReportReporter -->
<testsuite hostname="ArunMotoori" failures="0" tests="5" name="tests.Login" time="20.383" errors="0" timestamp="2025-09-03T21:06:12 IST" skipped="0">
  <testcase classname="tests.Login" name="verifyLoginWithValidCredentias" time="3.728"/>
  <testcase classname="tests.Login" name="verifyLoginWithInvalidCredentials" time="4.277"/>
  <testcase classname="tests.Login" name="verifyLoginWithInvalidEmailAndValidPassword" time="3.909"/>
  <testcase classname="tests.Login" name="verifyLoginWithValidEmailAndInvalidPassword" time="5.241"/>
  <testcase classname="tests.Login" name="verifyLoginWithoutEnteringAnyCredentials" time="3.228"/>
</testsuite> <!-- tests.Login -->
