<?xml version="1.0" encoding="UTF-8"?>
<!-- Generated by org.testng.reporters.JUnitReportReporter -->
<testsuite hostname="ArunMotoori" failures="0" tests="3" name="tests.Search" time="8.545" errors="0" timestamp="2025-09-11T21:06:47 IST" skipped="0">
  <testcase classname="tests.Search" name="verifySearchingWithExistingProductName" time="2.396"/>
  <testcase classname="tests.Search" name="verifySearchingWithNonExistingProductName" time="3.566"/>
  <testcase classname="tests.Search" name="verifySearchingWithoutProvidingAnyProductName" time="2.583"/>
</testsuite> <!-- tests.Search -->
