<?xml version="1.0" encoding="UTF-8"?>
<!-- Generated by org.testng.reporters.JUnitReportReporter -->
<testsuite hostname="ArunMotoori" failures="0" tests="2" name="tests.Logout" time="11.359" errors="0" timestamp="2025-09-19T21:29:08 IST" skipped="0">
  <testcase classname="tests.Logout" name="logoutFromMyAccountDropMenu" time="5.427"/>
  <testcase classname="tests.Logout" name="logoutFromRightColumnOptions" time="5.932"/>
</testsuite> <!-- tests.Logout -->
