<?xml version="1.0" encoding="UTF-8"?>
<!-- Generated by org.testng.reporters.JUnitReportReporter -->
<testsuite hostname="ArunMotoori" failures="0" tests="3" name="tests.Search" time="17.462" errors="0" timestamp="2025-09-16T21:02:00 IST" skipped="0">
  <testcase classname="tests.Search" name="verifySearchingWithExistingProductName" time="6.261"/>
  <testcase classname="tests.Search" name="verifySearchingWithNonExistingProductName" time="5.662"/>
  <testcase classname="tests.Search" name="verifySearchingWithoutProvidingAnyProductName" time="5.539"/>
</testsuite> <!-- tests.Search -->
