<?xml version="1.0" encoding="UTF-8"?>
<!-- Generated by org.testng.reporters.JUnitReportReporter -->
<testsuite hostname="ArunMotoori" failures="0" tests="2" name="tests.Logout" time="18.393" errors="0" timestamp="2025-09-16T21:02:00 IST" skipped="0">
  <testcase classname="tests.Logout" name="logoutFromMyAccountDropMenu" time="9.358"/>
  <testcase classname="tests.Logout" name="logoutFromRightColumnOptions" time="9.035"/>
</testsuite> <!-- tests.Logout -->
