<?xml version="1.0" encoding="UTF-8"?>
<!-- Generated by org.testng.reporters.JUnitReportReporter -->
<testsuite hostname="ArunMotoori" failures="0" tests="4" name="tests.Register" time="29.296" errors="0" timestamp="2025-09-11T21:06:05 IST" skipped="0">
  <testcase classname="tests.Register" name="verifyRegisterAccountUsingMandatoryFields" time="7.408"/>
  <testcase classname="tests.Register" name="verifyRegisteringAnAccountByProvidingAllTheFields" time="5.118"/>
  <testcase classname="tests.Register" name="verifyRegisteringBySubscribingToNewsletter" time="10.424"/>
  <testcase classname="tests.Register" name="verifyRegistringByNotSubscribingToNewsletter" time="6.346"/>
</testsuite> <!-- tests.Register -->
