<?xml version="1.0" encoding="UTF-8"?>
<!-- Generated by org.testng.reporters.JUnitReportReporter -->
<testsuite hostname="ArunMotoori" failures="0" tests="3" name="tests.Search" time="16.284" errors="0" timestamp="2025-09-15T20:57:33 IST" skipped="0">
  <testcase classname="tests.Search" name="verifySearchingWithExistingProductName" time="5.039"/>
  <testcase classname="tests.Search" name="verifySearchingWithNonExistingProductName" time="5.257"/>
  <testcase classname="tests.Search" name="verifySearchingWithoutProvidingAnyProductName" time="5.988"/>
</testsuite> <!-- tests.Search -->
