<?xml version="1.0" encoding="UTF-8"?>
<!-- Generated by org.testng.reporters.JUnitReportReporter -->
<testsuite hostname="ArunMotoori" failures="0" tests="1" name="tests.Register" time="6.659" errors="0" timestamp="2025-09-10T21:00:00 IST" skipped="0">
  <testcase classname="tests.Register" name="verifyRegistringByNotSubscribingToNewsletter" time="6.659"/>
</testsuite> <!-- tests.Register -->
