<?xml version="1.0" encoding="UTF-8"?>
<!-- Generated by org.testng.reporters.JUnitReportReporter -->
<testsuite hostname="ArunMotoori" failures="0" tests="3" name="experiment.Demo" time="0.031" errors="0" timestamp="2025-09-26T21:00:59 IST" skipped="0">
  <testcase classname="experiment.Demo" name="loginTest" time="0.007"/>
  <testcase classname="experiment.Demo" name="loginTest" time="0.001"/>
  <testcase classname="experiment.Demo" name="loginTest" time="0.023"/>
</testsuite> <!-- experiment.Demo -->
