<?xml version="1.0" encoding="UTF-8"?>
<!-- Generated by org.testng.reporters.JUnitReportReporter -->
<testsuite hostname="ArunMotoori" failures="0" tests="4" name="tests.Register" time="45.287" errors="0" timestamp="2025-09-16T21:02:00 IST" skipped="0">
  <testcase classname="tests.Register" name="verifyRegisterAccountUsingMandatoryFields" time="10.223"/>
  <testcase classname="tests.Register" name="verifyRegisteringAnAccountByProvidingAllTheFields" time="12.900"/>
  <testcase classname="tests.Register" name="verifyRegisteringBySubscribingToNewsletter" time="10.929"/>
  <testcase classname="tests.Register" name="verifyRegistringByNotSubscribingToNewsletter" time="11.235"/>
</testsuite> <!-- tests.Register -->
