<?xml version="1.0" encoding="UTF-8"?>
<!-- Generated by org.testng.reporters.JUnitReportReporter -->
<testsuite hostname="ArunMotoori" failures="0" tests="2" name="tests.Logout" time="12.528" errors="0" timestamp="2025-09-08T20:40:07 IST" skipped="0">
  <testcase classname="tests.Logout" name="logoutFromMyAccountDropMenu" time="6.438"/>
  <testcase classname="tests.Logout" name="logoutFromRightColumnOptions" time="6.090"/>
</testsuite> <!-- tests.Logout -->
