<?xml version="1.0" encoding="UTF-8"?>
<!-- Generated by org.testng.reporters.JUnitReportReporter -->
<testsuite hostname="ArunMotoori" failures="0" tests="1" name="tests.Register" time="9.447" errors="0" timestamp="2025-09-02T21:03:21 IST" skipped="0">
  <testcase classname="tests.Register" name="verifyRegisteringBySubscribingToNewsletter" time="9.447"/>
</testsuite> <!-- tests.Register -->
